<?xml version="1.0" encoding="UTF-8"?>
<testng-results total="1" passed="1" failed="0" skipped="0">
  <reporter-output>
  </reporter-output>
  <suite started-at="2022-12-20T09:37:56Z" name="Default suite" finished-at="2022-12-20T09:37:56Z" duration-ms="41">
    <groups>
    </groups>
    <test started-at="2022-12-20T09:37:56Z" name="Default test" finished-at="2022-12-20T09:37:56Z" duration-ms="41">
      <class name="jenkins.jenkin">
        <test-method signature="Test()[pri:0, instance:jenkins.jenkin@7b8b43c7]" started-at="2022-12-20T15:07:56Z" name="Test" finished-at="2022-12-20T15:07:56Z" duration-ms="19" status="PASS">
          <reporter-output>
          </reporter-output>
        </test-method> <!-- Test -->
      </class> <!-- jenkins.jenkin -->
    </test> <!-- Default test -->
  </suite> <!-- Default suite -->
</testng-results>
