<?xml version="1.0" encoding="UTF-8"?>
<testng-results total="1" passed="1" failed="0" skipped="0">
  <reporter-output>
  </reporter-output>
  <suite started-at="2022-12-20T09:18:45Z" name="Default suite" finished-at="2022-12-20T09:18:45Z" duration-ms="46">
    <groups>
    </groups>
    <test started-at="2022-12-20T09:18:45Z" name="Default test" finished-at="2022-12-20T09:18:45Z" duration-ms="46">
      <class name="jenkins.jenkin">
        <test-method signature="Test()[pri:0, instance:jenkins.jenkin@4196c360]" started-at="2022-12-20T14:48:45Z" name="Test" finished-at="2022-12-20T14:48:45Z" duration-ms="18" status="PASS">
          <reporter-output>
          </reporter-output>
        </test-method> <!-- Test -->
      </class> <!-- jenkins.jenkin -->
    </test> <!-- Default test -->
  </suite> <!-- Default suite -->
</testng-results>
